\BOOKMARK [0][-]{chapter.1}{\376\377\004\036\004\061\004\111\004\065\004\065\000\040\004\076\004\077\004\070\004\101\004\060\004\075\004\070\004\065\000\040\004\077\004\100\004\076\004\063\004\100\004\060\004\074\004\074\004\113}{}% 1
\BOOKMARK [0][-]{chapter.2}{\376\377\004\043\004\101\004\102\004\060\004\075\004\076\004\062\004\072\004\060}{}% 2
\BOOKMARK [1][-]{section.2.1}{\376\377\004\027\004\060\004\062\004\070\004\101\004\070\004\074\004\076\004\101\004\102\004\070}{chapter.2}% 3
\BOOKMARK [1][-]{section.2.2}{\376\377\004\043\004\101\004\102\004\060\004\075\004\076\004\062\004\072\004\060}{chapter.2}% 4
\BOOKMARK [0][-]{chapter.3}{\376\377\004\035\004\060\004\101\004\102\004\100\004\076\004\071\004\072\004\060}{}% 5
\BOOKMARK [1][-]{section.3.1}{\376\377\004\035\004\060\004\101\004\102\004\100\004\076\004\071\004\072\004\060\000\040\000M\000y\000S\000Q\000L}{chapter.3}% 6
\BOOKMARK [1][-]{section.3.2}{\376\377\004\035\004\060\004\101\004\102\004\100\004\076\004\071\004\072\004\060\000\040\000R}{chapter.3}% 7
\BOOKMARK [1][-]{section.3.3}{\376\377\004\035\004\060\004\101\004\102\004\100\004\076\004\071\004\072\004\060}{chapter.3}% 8
\BOOKMARK [1][-]{section.3.4}{\376\377\004\035\004\060\004\101\004\102\004\100\004\076\004\071\004\072\004\060\000\040\004\075\004\065\004\071\004\100\004\076\004\075\004\075\004\113\004\105\000\040\004\101\004\065\004\102\004\065\004\071}{chapter.3}% 9
\BOOKMARK [0][-]{chapter.4}{\376\377\004\040\004\060\004\101\004\107\004\065\004\102}{}% 10
\BOOKMARK [1][-]{section.4.1}{\376\377\004\042\004\100\004\065\004\061\004\076\004\062\004\060\004\075\004\070\004\117\000\040\004\072\000\040\004\064\004\060\004\075\004\075\004\113\004\074}{chapter.4}% 11
\BOOKMARK [1][-]{section.4.2}{\376\377\004\036\004\077\004\070\004\101\004\060\004\075\004\070\004\065\000\040\004\077\004\076\004\073\004\114\004\067\004\076\004\062\004\060\004\102\004\065\004\073\004\114\004\101\004\072\004\076\004\063\004\076\000\040\004\070\004\075\004\102\004\065\004\100\004\104\004\065\004\071\004\101\004\060}{chapter.4}% 12
\BOOKMARK [2][-]{subsection.4.2.1}{\376\377\004\022\004\072\004\073\004\060\004\064\004\072\004\060\000\040\000"\004\040\004\060\004\101\004\107\004\065\004\102}{section.4.2}% 13
\BOOKMARK [2][-]{subsection.4.2.2}{\376\377\004\022\004\072\004\073\004\060\004\064\004\072\004\060\000\040\000"\004\043\004\064\004\060\004\073\004\065\004\075\004\070\004\065}{section.4.2}% 14
\BOOKMARK [2][-]{subsection.4.2.3}{\376\377\004\022\004\072\004\073\004\060\004\064\004\072\004\060\000\040\000"\004\055\004\072\004\101\004\077\004\076\004\100\004\102}{section.4.2}% 15
\BOOKMARK [2][-]{subsection.4.2.4}{\376\377\004\022\004\072\004\073\004\060\004\064\004\072\004\060\000\040\000"\004\035\004\060\004\101\004\102\004\100\004\076\004\071\004\072\004\060}{section.4.2}% 16
\BOOKMARK [1][-]{section.4.3}{\376\377\004\027\004\060\004\077\004\103\004\101\004\072\000\040\004\100\004\060\004\101\004\107\004\065\004\102\004\060}{chapter.4}% 17
\BOOKMARK [1][-]{section.4.4}{\376\377\004\040\004\065\004\067\004\103\004\073\004\114\004\102\004\060\004\102\000\040\004\100\004\060\004\101\004\107\004\065\004\102\004\060}{chapter.4}% 18
\BOOKMARK [0][-]{chapter.5}{\376\377\004\055\004\072\004\101\004\077\004\076\004\100\004\102}{}% 19
\BOOKMARK [1][-]{section.5.1}{\376\377\004\035\004\060\004\101\004\102\004\100\004\076\004\071\004\072\004\060\000\040\004\070\000\040\004\067\004\060\004\077\004\103\004\101\004\072\000\040\004\115\004\072\004\101\004\077\004\076\004\100\004\102\004\060}{chapter.5}% 20
\BOOKMARK [1][-]{section.5.2}{\376\377\004\040\004\065\004\067\004\103\004\073\004\114\004\102\004\060\004\102\000\040\004\115\004\072\004\101\004\077\004\076\004\100\004\102\004\060}{chapter.5}% 21
\BOOKMARK [0][-]{chapter.6}{\376\377\004\037\004\073\004\060\004\075\004\113}{}% 22
\BOOKMARK [0][-]{chapter.7}{\376\377\004\027\004\064\004\065\004\101\004\114\000\040\004\074\004\076\004\063\000\040\004\061\004\113\000\040\004\061\004\113\004\102\004\114\000\040\000F\000A\000Q}{}% 23
\BOOKMARK [0][-]{chapter.8}{\376\377\004\041\004\077\004\070\004\101\004\076\004\072\000\040\004\101\004\076\004\072\004\100\004\060\004\111\004\065\004\075\004\070\004\071\000\040\004\070\000\040\004\070\004\101\004\077\004\076\004\073\004\114\004\067\004\103\004\065\004\074\004\113\004\105\000\040\004\102\004\065\004\100\004\074\004\070\004\075\004\076\004\062}{}% 24
